<?xml version="1.0" encoding="UTF-8"?>
<!-- Generated by org.testng.reporters.JUnitReportReporter -->
<testsuite hostname="LAPTOP-78KC8FJR" failures="1" tests="15" name="runner.testRunner" time="272.510" errors="0" timestamp="18 Jan 2022 08:06:42 GMT" skipped="0">
  <testcase classname="runner.testRunner" name="runScenario" time="9.670"/>
  <testcase classname="runner.testRunner" name="runScenario" time="16.957"/>
  <testcase classname="runner.testRunner" name="runScenario" time="18.953"/>
  <testcase classname="runner.testRunner" name="runScenario" time="9.874"/>
  <testcase classname="runner.testRunner" name="runScenario" time="18.007"/>
  <testcase classname="runner.testRunner" name="runScenario" time="16.295"/>
  <testcase classname="runner.testRunner" name="runScenario" time="26.748"/>
  <testcase classname="runner.testRunner" name="runScenario" time="19.060"/>
  <testcase classname="runner.testRunner" name="runScenario" time="16.202">
    <failure message="expected [true] but found [false]" type="java.lang.AssertionError">
      <![CDATA[java.lang.AssertionError: expected [true] but found [false]
at org.testng.Assert.fail(Assert.java:96)
at org.testng.Assert.failNotEquals(Assert.java:776)
at org.testng.Assert.assertTrue(Assert.java:44)
at org.testng.Assert.assertTrue(Assert.java:54)
at uiRepositories.selectCarPageUI.localBooking(selectCarPageUI.java:243)
at stepDefinations.StepDefination_03Selectcar.localTripBooking(StepDefination_03Selectcar.java:48)
at âœ½.User validates the car price for local trip booking(file:///D:/SDET/Comprehensive_Assesment%20Hybrid/BDDAutomation/src/test/java/features/003_SearchCarpage.feature:14)
]]>
    </failure>
  </testcase> <!-- runScenario -->
  <testcase classname="runner.testRunner" name="runScenario" time="26.682"/>
  <testcase classname="runner.testRunner" name="runScenario" time="23.170"/>
  <testcase classname="runner.testRunner" name="runScenario" time="17.982"/>
  <testcase classname="runner.testRunner" name="runScenario" time="19.756"/>
  <testcase classname="runner.testRunner" name="runScenario" time="18.173"/>
  <testcase classname="runner.testRunner" name="runScenario" time="14.981"/>
</testsuite> <!-- runner.testRunner -->
